<?xml version="1.0" encoding="UTF-8"?>
<testsuite xmlns:xsi="http://www.w3.org/2001/XMLSchema-instance" xsi:noNamespaceSchemaLocation="https://maven.apache.org/surefire/maven-surefire-plugin/xsd/surefire-test-report-3.0.xsd" version="3.0" name="com.tourism.IndoorNavigationIntegrationTests" time="0.024" tests="3" errors="0" skipped="0" failures="0">
  <properties>
[...]
</properties>
  <testcase name="legacyIndoorNavigationEndpointKeepsCompatibilityEnvelopeForExistingRoom" classname="com.tourism.IndoorNavigationIntegrationTests" time="0.011">
    <system-out><![CDATA[2026-04-24T23:50:14.398+08:00  INFO 6060 --- [           main] t.c.s.AnnotationConfigContextLoaderUtils : Could not detect default configuration classes for test class [com.tourism.IndoorNavigationIntegrationTests]: IndoorNavigationIntegrationTests does not declare any static, non-private, non-final, nested classes annotated with @Configuration.
2026-04-24T23:50:14.399+08:00  INFO 6060 --- [           main] .b.t.c.SpringBootTestContextBootstrapper : Found @SpringBootConfiguration com.tourism.TourismApplication for test class com.tourism.IndoorNavigationIntegrationTests
]]></system-out>
  </testcase>
  <testcase name="indoorNavigationEndpointReturnsCanonicalContractForExistingRoom" classname="com.tourism.IndoorNavigationIntegrationTests" time="0.005"/>
  <testcase name="indoorRoomsEndpointReturnsRoomList" classname="com.tourism.IndoorNavigationIntegrationTests" time="0.004"/>
</testsuite>